Start generating at 2019-11-22 18:48
Instance: osd_rom (D:\FPGA_2019\00_Image_Rotate\ipcore\osd_rom)
Model: Logos DRM Based ROM, Version 1.3
Family: Logos
Device: PGL22G
Package: BG324
Speed Grade: -6
Create directory 'rtl' ...
Copy 'rtl\ipml_rom_v1_3.v.xml' to 'rtl' ...
Copy 'rtl\ipml_spram_v1_3.v.xml' to 'rtl' ...
Compile file 'rtl\ipml_spram_v1_3.v.xml' to 'rtl\ipml_spram_v1_3_osd_rom.v' ...
Compile file 'rtl\ipml_rom_v1_3.v.xml' to 'rtl\ipml_rom_v1_3_osd_rom.v' ...
Copy 'ipml_rom_wrapper_v1_3.v.xml' ...
Compile file 'ipml_rom_wrapper_v1_3.v.xml' to 'osd_rom.v' ...
Found module 'osd_rom' in file 'osd_rom.v'.
Copy 'ipml_rom_wrapper_v1_3_tb.v.xml' ...
Compile file 'ipml_rom_wrapper_v1_3_tb.v.xml' to 'osd_rom_tb.v' ...
Copy 'init_param_bin_exmp.dat' ...
Copy 'init_param_hex_exmp.dat' ...
Run file 'createParam.tcl' ...
Generate template file 'osd_rom_tmpl.v' ...
Synthesis is disabled.
Done: 0 error(s), 0 warning(s)
